<?xml version="1.0" encoding="UTF-8"?>
<!-- Generated by org.testng.reporters.JUnitReportReporter -->
<testsuite hostname="RIKU" failures="0" tests="5" name="tests.CartTest" time="11.923" errors="0" timestamp="2025-09-14T10:26:00 IST" skipped="0">
  <testcase classname="tests.CartTest" name="cartAddTest" time="5.118"/>
  <testcase classname="tests.CartTest" name="modifyQuantity" time="0.710"/>
  <testcase classname="tests.CartTest" name="deleteFromCart" time="0.338"/>
  <testcase classname="tests.CartTest" name="buyProducts" time="5.692"/>
  <testcase classname="tests.CartTest" name="placeOrder" time="0.065"/>
</testsuite> <!-- tests.CartTest -->
