<?xml version="1.0" encoding="UTF-8"?>
<!-- Generated by org.testng.reporters.JUnitReportReporter -->
<testsuite hostname="RIKU" failures="0" tests="5" name="tests.CartTest" time="13.228" errors="0" timestamp="2025-09-17T20:45:20 IST" skipped="0">
  <testcase classname="tests.CartTest" name="cartAddTest" time="5.047"/>
  <testcase classname="tests.CartTest" name="modifyQuantity" time="1.676"/>
  <testcase classname="tests.CartTest" name="deleteFromCart" time="0.241"/>
  <testcase classname="tests.CartTest" name="buyProducts" time="6.180"/>
  <testcase classname="tests.CartTest" name="placeOrder" time="0.084"/>
</testsuite> <!-- tests.CartTest -->
