<?xml version="1.0" encoding="UTF-8"?>
<!-- Generated by org.testng.reporters.JUnitReportReporter -->
<testsuite hostname="RIKU" failures="0" tests="5" name="tests.CartTest" time="12.261" errors="0" timestamp="2025-09-17T19:56:57 IST" skipped="0">
  <testcase classname="tests.CartTest" name="cartAddTest" time="4.440"/>
  <testcase classname="tests.CartTest" name="modifyQuantity" time="0.511"/>
  <testcase classname="tests.CartTest" name="deleteFromCart" time="0.244"/>
  <testcase classname="tests.CartTest" name="buyProducts" time="7.000"/>
  <testcase classname="tests.CartTest" name="placeOrder" time="0.066"/>
</testsuite> <!-- tests.CartTest -->
