<?xml version="1.0" encoding="UTF-8"?>
<!-- Generated by org.testng.reporters.JUnitReportReporter -->
<testsuite hostname="RIKU" failures="0" tests="5" name="tests.CartTest" time="19.109" errors="0" timestamp="2025-09-12T23:00:04 IST" skipped="0">
  <testcase classname="tests.CartTest" name="cartAddTest" time="6.416"/>
  <testcase classname="tests.CartTest" name="modifyQuantity" time="5.260"/>
  <testcase classname="tests.CartTest" name="deleteFromCart" time="1.374"/>
  <testcase classname="tests.CartTest" name="buyProducts" time="5.984"/>
  <testcase classname="tests.CartTest" name="placeOrder" time="0.075"/>
</testsuite> <!-- tests.CartTest -->
