<?xml version="1.0" encoding="UTF-8"?>
<!-- Generated by org.testng.reporters.JUnitReportReporter -->
<testsuite hostname="RIKU" failures="0" tests="3" name="tests.LoginTest" time="13.129" errors="0" timestamp="2025-09-13T16:31:40 IST" skipped="0">
  <testcase classname="tests.LoginTest" name="invalidLoginTest" time="7.047"/>
  <testcase classname="tests.LoginTest" name="verifyLoginTest" time="1.373"/>
  <testcase classname="tests.LoginTest" name="validLoginTest" time="4.709"/>
</testsuite> <!-- tests.LoginTest -->
