<?xml version="1.0" encoding="UTF-8"?>
<!-- Generated by org.testng.reporters.JUnitReportReporter -->
<testsuite hostname="RIKU" failures="0" tests="3" name="tests.LoginTest" time="20.910" errors="0" timestamp="2025-09-14T18:50:13 IST" skipped="0">
  <testcase classname="tests.LoginTest" name="invalidLoginTest" time="11.857"/>
  <testcase classname="tests.LoginTest" name="verifyLoginTest" time="1.652"/>
  <testcase classname="tests.LoginTest" name="validLoginTest" time="7.401"/>
</testsuite> <!-- tests.LoginTest -->
