<?xml version="1.0" encoding="UTF-8"?>
<!-- Generated by org.testng.reporters.JUnitReportReporter -->
<testsuite hostname="RIKU" failures="0" tests="5" name="tests.CartTest" time="12.651" errors="0" timestamp="2025-09-13T00:37:45 IST" skipped="0">
  <testcase classname="tests.CartTest" name="cartAddTest" time="5.057"/>
  <testcase classname="tests.CartTest" name="modifyQuantity" time="1.768"/>
  <testcase classname="tests.CartTest" name="deleteFromCart" time="0.334"/>
  <testcase classname="tests.CartTest" name="buyProducts" time="5.423"/>
  <testcase classname="tests.CartTest" name="placeOrder" time="0.069"/>
</testsuite> <!-- tests.CartTest -->
