<?xml version="1.0" encoding="UTF-8"?>
<!-- Generated by org.testng.reporters.JUnitReportReporter -->
<testsuite hostname="RIKU" failures="0" tests="5" name="tests.CartTest" time="14.801" errors="0" timestamp="2025-09-14T13:19:16 IST" skipped="0">
  <testcase classname="tests.CartTest" name="cartAddTest" time="5.073"/>
  <testcase classname="tests.CartTest" name="modifyQuantity" time="0.671"/>
  <testcase classname="tests.CartTest" name="deleteFromCart" time="0.484"/>
  <testcase classname="tests.CartTest" name="buyProducts" time="8.497"/>
  <testcase classname="tests.CartTest" name="placeOrder" time="0.076"/>
</testsuite> <!-- tests.CartTest -->
