<?xml version="1.0" encoding="UTF-8"?>
<!-- Generated by org.testng.reporters.JUnitReportReporter -->
<testsuite hostname="RIKU" failures="0" tests="5" name="tests.CartTest" time="14.669" errors="0" timestamp="2025-09-14T10:49:29 IST" skipped="0">
  <testcase classname="tests.CartTest" name="cartAddTest" time="6.597"/>
  <testcase classname="tests.CartTest" name="modifyQuantity" time="1.015"/>
  <testcase classname="tests.CartTest" name="deleteFromCart" time="0.432"/>
  <testcase classname="tests.CartTest" name="buyProducts" time="6.513"/>
  <testcase classname="tests.CartTest" name="placeOrder" time="0.112"/>
</testsuite> <!-- tests.CartTest -->
