<?xml version="1.0" encoding="UTF-8"?>
<!-- Generated by org.testng.reporters.JUnitReportReporter -->
<testsuite hostname="RIKU" failures="0" tests="3" name="tests.LoginTest" time="12.718" errors="0" timestamp="2025-09-11T14:06:28 IST" skipped="0">
  <testcase classname="tests.LoginTest" name="invalidLoginTest" time="6.339"/>
  <testcase classname="tests.LoginTest" name="verifyLoginTest" time="3.996"/>
  <testcase classname="tests.LoginTest" name="validLoginTest" time="2.383"/>
</testsuite> <!-- tests.LoginTest -->
