<?xml version="1.0" encoding="UTF-8"?>
<!-- Generated by org.testng.reporters.JUnitReportReporter -->
<testsuite hostname="RIKU" failures="0" tests="3" name="tests.LoginTest" time="17.863" errors="0" timestamp="2025-09-17T20:45:20 IST" skipped="0">
  <testcase classname="tests.LoginTest" name="invalidLoginTest" time="10.493"/>
  <testcase classname="tests.LoginTest" name="verifyLoginTest" time="1.366"/>
  <testcase classname="tests.LoginTest" name="validLoginTest" time="6.004"/>
</testsuite> <!-- tests.LoginTest -->
