<?xml version="1.0" encoding="UTF-8"?>
<!-- Generated by org.testng.reporters.JUnitReportReporter -->
<testsuite hostname="RIKU" failures="0" tests="5" name="tests.CartTest" time="12.297" errors="0" timestamp="2025-09-14T14:10:30 IST" skipped="0">
  <testcase classname="tests.CartTest" name="cartAddTest" time="4.460"/>
  <testcase classname="tests.CartTest" name="modifyQuantity" time="0.582"/>
  <testcase classname="tests.CartTest" name="deleteFromCart" time="0.233"/>
  <testcase classname="tests.CartTest" name="buyProducts" time="6.988"/>
  <testcase classname="tests.CartTest" name="placeOrder" time="0.034"/>
</testsuite> <!-- tests.CartTest -->
