<?xml version="1.0" encoding="UTF-8"?>
<!-- Generated by org.testng.reporters.JUnitReportReporter -->
<testsuite hostname="RIKU" failures="0" tests="3" name="tests.LoginTest" time="15.791" errors="0" timestamp="2025-09-14T14:10:30 IST" skipped="0">
  <testcase classname="tests.LoginTest" name="invalidLoginTest" time="8.884"/>
  <testcase classname="tests.LoginTest" name="verifyLoginTest" time="1.407"/>
  <testcase classname="tests.LoginTest" name="validLoginTest" time="5.500"/>
</testsuite> <!-- tests.LoginTest -->
