<?xml version="1.0" encoding="UTF-8"?>
<!-- Generated by org.testng.reporters.JUnitReportReporter -->
<testsuite hostname="RIKU" failures="0" tests="5" name="tests.SearchTest" time="24.518" errors="0" timestamp="2025-09-13T16:31:40 IST" skipped="0">
  <testcase classname="tests.SearchTest" name="testSearchProduct" time="3.564"/>
  <testcase classname="tests.SearchTest" name="testApplyFilters" time="8.590"/>
  <testcase classname="tests.SearchTest" name="testSortLowToHigh" time="1.915"/>
  <testcase classname="tests.SearchTest" name="testBlankSearch" time="2.101"/>
  <testcase classname="tests.SearchTest" name="testViewProductDetails" time="8.348"/>
</testsuite> <!-- tests.SearchTest -->
