<?xml version="1.0" encoding="UTF-8"?>
<!-- Generated by org.testng.reporters.JUnitReportReporter -->
<testsuite hostname="RIKU" failures="0" tests="5" name="tests.CartTest" time="19.256" errors="0" timestamp="2025-09-12T10:43:02 IST" skipped="0">
  <testcase classname="tests.CartTest" name="cartAddTest" time="5.289"/>
  <testcase classname="tests.CartTest" name="modifyQuantity" time="4.968"/>
  <testcase classname="tests.CartTest" name="deleteFromCart" time="1.285"/>
  <testcase classname="tests.CartTest" name="buyProducts" time="7.663"/>
  <testcase classname="tests.CartTest" name="placeOrder" time="0.051"/>
</testsuite> <!-- tests.CartTest -->
