<?xml version="1.0" encoding="UTF-8"?>
<!-- Generated by org.testng.reporters.JUnitReportReporter -->
<testsuite hostname="RIKU" failures="0" tests="5" name="tests.SearchTest" time="35.203" errors="0" timestamp="2025-09-12T10:43:01 IST" skipped="0">
  <testcase classname="tests.SearchTest" name="testSearchProduct" time="7.179"/>
  <testcase classname="tests.SearchTest" name="testApplyFilters" time="12.609"/>
  <testcase classname="tests.SearchTest" name="testSortLowToHigh" time="2.235"/>
  <testcase classname="tests.SearchTest" name="testBlankSearch" time="3.212"/>
  <testcase classname="tests.SearchTest" name="testViewProductDetails" time="9.968"/>
</testsuite> <!-- tests.SearchTest -->
