<?xml version="1.0" encoding="UTF-8"?>
<!-- Generated by org.testng.reporters.JUnitReportReporter -->
<testsuite hostname="RIKU" failures="0" tests="3" name="tests.SmokeTest" time="20.267" errors="0" timestamp="2025-09-14T10:52:37 IST" skipped="0">
  <testcase classname="tests.SmokeTest" name="invalidLoginTest" time="11.518"/>
  <testcase classname="tests.SmokeTest" name="verifyLoginTest" time="1.674"/>
  <testcase classname="tests.SmokeTest" name="validLoginTest" time="7.075"/>
</testsuite> <!-- tests.SmokeTest -->
