<?xml version="1.0" encoding="UTF-8"?>
<!-- Generated by org.testng.reporters.JUnitReportReporter -->
<testsuite hostname="RIKU" failures="0" tests="3" name="tests.LoginTest" time="21.090" errors="0" timestamp="2025-09-14T12:17:56 IST" skipped="0">
  <testcase classname="tests.LoginTest" name="invalidLoginTest" time="11.694"/>
  <testcase classname="tests.LoginTest" name="verifyLoginTest" time="3.096"/>
  <testcase classname="tests.LoginTest" name="validLoginTest" time="6.300"/>
</testsuite> <!-- tests.LoginTest -->
