<?xml version="1.0" encoding="UTF-8"?>
<!-- Generated by org.testng.reporters.JUnitReportReporter -->
<testsuite hostname="RIKU" failures="0" tests="5" name="tests.CartTest" time="11.689" errors="0" timestamp="2025-09-13T22:44:41 IST" skipped="0">
  <testcase classname="tests.CartTest" name="cartAddTest" time="5.171"/>
  <testcase classname="tests.CartTest" name="modifyQuantity" time="0.673"/>
  <testcase classname="tests.CartTest" name="deleteFromCart" time="0.425"/>
  <testcase classname="tests.CartTest" name="buyProducts" time="5.329"/>
  <testcase classname="tests.CartTest" name="placeOrder" time="0.091"/>
</testsuite> <!-- tests.CartTest -->
