<?xml version="1.0" encoding="UTF-8"?>
<!-- Generated by org.testng.reporters.JUnitReportReporter -->
<testsuite hostname="RIKU" failures="0" tests="3" name="tests.LoginTest" time="15.316" errors="0" timestamp="2025-09-13T16:11:59 IST" skipped="0">
  <testcase classname="tests.LoginTest" name="invalidLoginTest" time="7.455"/>
  <testcase classname="tests.LoginTest" name="verifyLoginTest" time="1.500"/>
  <testcase classname="tests.LoginTest" name="validLoginTest" time="6.361"/>
</testsuite> <!-- tests.LoginTest -->
