<?xml version="1.0" encoding="UTF-8"?>
<!-- Generated by org.testng.reporters.JUnitReportReporter -->
<testsuite hostname="RIKU" failures="0" tests="5" name="tests.SearchTest" time="30.243" errors="0" timestamp="2025-09-14T12:17:56 IST" skipped="0">
  <testcase classname="tests.SearchTest" name="testSearchProduct" time="5.030"/>
  <testcase classname="tests.SearchTest" name="testApplyFilters" time="9.309"/>
  <testcase classname="tests.SearchTest" name="testSortLowToHigh" time="2.776"/>
  <testcase classname="tests.SearchTest" name="testBlankSearch" time="3.675"/>
  <testcase classname="tests.SearchTest" name="testViewProductDetails" time="9.453"/>
</testsuite> <!-- tests.SearchTest -->
