<?xml version="1.0" encoding="UTF-8"?>
<!-- Generated by org.testng.reporters.JUnitReportReporter -->
<testsuite hostname="RIKU" failures="0" tests="5" name="tests.CartTest" time="13.896" errors="0" timestamp="2025-09-19T11:28:57 IST" skipped="0">
  <testcase classname="tests.CartTest" name="cartAddTest" time="5.633"/>
  <testcase classname="tests.CartTest" name="modifyQuantity" time="0.622"/>
  <testcase classname="tests.CartTest" name="deleteFromCart" time="0.378"/>
  <testcase classname="tests.CartTest" name="buyProducts" time="7.177"/>
  <testcase classname="tests.CartTest" name="placeOrder" time="0.086"/>
</testsuite> <!-- tests.CartTest -->
