<?xml version="1.0" encoding="UTF-8"?>
<!-- Generated by org.testng.reporters.JUnitReportReporter -->
<testsuite hostname="RIKU" failures="0" tests="3" name="tests.LoginTest" time="20.658" errors="0" timestamp="2025-09-17T18:35:57 IST" skipped="0">
  <testcase classname="tests.LoginTest" name="invalidLoginTest" time="13.447"/>
  <testcase classname="tests.LoginTest" name="verifyLoginTest" time="1.212"/>
  <testcase classname="tests.LoginTest" name="validLoginTest" time="5.999"/>
</testsuite> <!-- tests.LoginTest -->
