<?xml version="1.0" encoding="UTF-8"?>
<!-- Generated by org.testng.reporters.JUnitReportReporter -->
<testsuite hostname="RIKU" failures="0" tests="5" name="tests.CartTest" time="10.075" errors="0" timestamp="2025-09-13T18:07:25 IST" skipped="0">
  <testcase classname="tests.CartTest" name="cartAddTest" time="4.329"/>
  <testcase classname="tests.CartTest" name="modifyQuantity" time="0.544"/>
  <testcase classname="tests.CartTest" name="deleteFromCart" time="0.250"/>
  <testcase classname="tests.CartTest" name="buyProducts" time="4.902"/>
  <testcase classname="tests.CartTest" name="placeOrder" time="0.050"/>
</testsuite> <!-- tests.CartTest -->
