<?xml version="1.0" encoding="UTF-8"?>
<!-- Generated by org.testng.reporters.JUnitReportReporter -->
<testsuite hostname="RIKU" failures="0" tests="5" name="tests.CartTest" time="15.626" errors="0" timestamp="2025-09-01T11:08:13 IST" skipped="0">
  <testcase classname="tests.CartTest" name="cartAddTest" time="4.539"/>
  <testcase classname="tests.CartTest" name="modifyQuantity" time="4.919"/>
  <testcase classname="tests.CartTest" name="deleteFromCart" time="1.214"/>
  <testcase classname="tests.CartTest" name="buyProducts" time="4.921"/>
  <testcase classname="tests.CartTest" name="placeOrder" time="0.033"/>
</testsuite> <!-- tests.CartTest -->
