<?xml version="1.0" encoding="UTF-8"?>
<!-- Generated by org.testng.reporters.JUnitReportReporter -->
<testsuite hostname="RIKU" failures="0" tests="5" name="tests.CartTest" time="13.028" errors="0" timestamp="2025-09-14T12:17:56 IST" skipped="0">
  <testcase classname="tests.CartTest" name="cartAddTest" time="5.878"/>
  <testcase classname="tests.CartTest" name="modifyQuantity" time="0.668"/>
  <testcase classname="tests.CartTest" name="deleteFromCart" time="0.363"/>
  <testcase classname="tests.CartTest" name="buyProducts" time="6.039"/>
  <testcase classname="tests.CartTest" name="placeOrder" time="0.080"/>
</testsuite> <!-- tests.CartTest -->
