<?xml version="1.0" encoding="UTF-8"?>
<!-- Generated by org.testng.reporters.JUnitReportReporter -->
<testsuite hostname="RIKU" failures="0" tests="5" name="tests.CartTest" time="15.881" errors="0" timestamp="2025-09-17T18:35:57 IST" skipped="0">
  <testcase classname="tests.CartTest" name="cartAddTest" time="4.972"/>
  <testcase classname="tests.CartTest" name="modifyQuantity" time="0.529"/>
  <testcase classname="tests.CartTest" name="deleteFromCart" time="0.181"/>
  <testcase classname="tests.CartTest" name="buyProducts" time="10.168"/>
  <testcase classname="tests.CartTest" name="placeOrder" time="0.031"/>
</testsuite> <!-- tests.CartTest -->
