<?xml version="1.0" encoding="UTF-8"?>
<!-- Generated by org.testng.reporters.JUnitReportReporter -->
<testsuite hostname="RIKU" failures="0" tests="5" name="tests.SearchTest" time="28.804" errors="0" timestamp="2025-09-14T10:26:00 IST" skipped="0">
  <testcase classname="tests.SearchTest" name="testSearchProduct" time="4.200"/>
  <testcase classname="tests.SearchTest" name="testApplyFilters" time="9.319"/>
  <testcase classname="tests.SearchTest" name="testSortLowToHigh" time="2.189"/>
  <testcase classname="tests.SearchTest" name="testBlankSearch" time="3.584"/>
  <testcase classname="tests.SearchTest" name="testViewProductDetails" time="9.512"/>
</testsuite> <!-- tests.SearchTest -->
