<?xml version="1.0" encoding="UTF-8"?>
<!-- Generated by org.testng.reporters.JUnitReportReporter -->
<testsuite hostname="RIKU" failures="0" tests="5" name="tests.SearchTest" time="24.772" errors="0" timestamp="2025-09-17T20:45:20 IST" skipped="0">
  <testcase classname="tests.SearchTest" name="testSearchProduct" time="3.802"/>
  <testcase classname="tests.SearchTest" name="testApplyFilters" time="8.129"/>
  <testcase classname="tests.SearchTest" name="testSortLowToHigh" time="1.841"/>
  <testcase classname="tests.SearchTest" name="testBlankSearch" time="2.848"/>
  <testcase classname="tests.SearchTest" name="testViewProductDetails" time="8.152"/>
</testsuite> <!-- tests.SearchTest -->
