<?xml version="1.0" encoding="UTF-8"?>
<!-- Generated by org.testng.reporters.JUnitReportReporter -->
<testsuite hostname="RIKU" failures="0" tests="3" name="tests.LoginTest" time="10.076" errors="0" timestamp="2025-09-01T11:08:13 IST" skipped="0">
  <testcase classname="tests.LoginTest" name="invalidLoginTest" time="4.110"/>
  <testcase classname="tests.LoginTest" name="verifyLoginTest" time="3.056"/>
  <testcase classname="tests.LoginTest" name="validLoginTest" time="2.910"/>
</testsuite> <!-- tests.LoginTest -->
