<?xml version="1.0" encoding="UTF-8"?>
<!-- Generated by org.testng.reporters.JUnitReportReporter -->
<testsuite hostname="RIKU" failures="0" tests="5" name="tests.CartTest" time="15.238" errors="0" timestamp="2025-09-14T20:07:07 IST" skipped="0">
  <testcase classname="tests.CartTest" name="cartAddTest" time="5.576"/>
  <testcase classname="tests.CartTest" name="modifyQuantity" time="0.653"/>
  <testcase classname="tests.CartTest" name="deleteFromCart" time="0.413"/>
  <testcase classname="tests.CartTest" name="buyProducts" time="8.512"/>
  <testcase classname="tests.CartTest" name="placeOrder" time="0.084"/>
</testsuite> <!-- tests.CartTest -->
