<?xml version="1.0" encoding="UTF-8"?>
<!-- Generated by org.testng.reporters.JUnitReportReporter -->
<testsuite hostname="RIKU" failures="0" tests="3" name="tests.LoginTest" time="22.341" errors="0" timestamp="2025-09-14T19:27:15 IST" skipped="0">
  <testcase classname="tests.LoginTest" name="invalidLoginTest" time="13.612"/>
  <testcase classname="tests.LoginTest" name="verifyLoginTest" time="2.325"/>
  <testcase classname="tests.LoginTest" name="validLoginTest" time="6.404"/>
</testsuite> <!-- tests.LoginTest -->
