<?xml version="1.0" encoding="UTF-8"?>
<!-- Generated by org.testng.reporters.JUnitReportReporter -->
<testsuite hostname="RIKU" failures="0" tests="5" name="tests.SearchTest" time="31.630" errors="0" timestamp="2025-09-14T19:49:37 IST" skipped="0">
  <testcase classname="tests.SearchTest" name="testSearchProduct" time="4.271"/>
  <testcase classname="tests.SearchTest" name="testApplyFilters" time="11.587"/>
  <testcase classname="tests.SearchTest" name="testSortLowToHigh" time="2.516"/>
  <testcase classname="tests.SearchTest" name="testBlankSearch" time="3.893"/>
  <testcase classname="tests.SearchTest" name="testViewProductDetails" time="9.363"/>
</testsuite> <!-- tests.SearchTest -->
