<?xml version="1.0" encoding="UTF-8"?>
<!-- Generated by org.testng.reporters.JUnitReportReporter -->
<testsuite hostname="RIKU" failures="0" tests="3" name="tests.LoginTest" time="20.662" errors="0" timestamp="2025-09-14T20:07:07 IST" skipped="0">
  <testcase classname="tests.LoginTest" name="invalidLoginTest" time="11.248"/>
  <testcase classname="tests.LoginTest" name="verifyLoginTest" time="1.739"/>
  <testcase classname="tests.LoginTest" name="validLoginTest" time="7.675"/>
</testsuite> <!-- tests.LoginTest -->
