<?xml version="1.0" encoding="UTF-8"?>
<!-- Generated by org.testng.reporters.JUnitReportReporter -->
<testsuite hostname="RIKU" failures="0" tests="5" name="tests.SearchTest" time="53.591" errors="0" timestamp="2025-09-19T11:28:57 IST" skipped="0">
  <testcase classname="tests.SearchTest" name="testSearchProduct" time="7.822"/>
  <testcase classname="tests.SearchTest" name="testApplyFilters" time="17.251"/>
  <testcase classname="tests.SearchTest" name="testSortLowToHigh" time="4.246"/>
  <testcase classname="tests.SearchTest" name="testBlankSearch" time="5.671"/>
  <testcase classname="tests.SearchTest" name="testViewProductDetails" time="18.601"/>
</testsuite> <!-- tests.SearchTest -->
