<?xml version="1.0" encoding="UTF-8"?>
<!-- Generated by org.testng.reporters.JUnitReportReporter -->
<testsuite hostname="RIKU" failures="0" tests="5" name="tests.SearchTest" time="29.172" errors="0" timestamp="2025-09-13T22:44:41 IST" skipped="0">
  <testcase classname="tests.SearchTest" name="testSearchProduct" time="3.897"/>
  <testcase classname="tests.SearchTest" name="testApplyFilters" time="9.232"/>
  <testcase classname="tests.SearchTest" name="testSortLowToHigh" time="2.690"/>
  <testcase classname="tests.SearchTest" name="testBlankSearch" time="3.406"/>
  <testcase classname="tests.SearchTest" name="testViewProductDetails" time="9.947"/>
</testsuite> <!-- tests.SearchTest -->
