<?xml version="1.0" encoding="UTF-8"?>
<!-- Generated by org.testng.reporters.JUnitReportReporter -->
<testsuite hostname="RIKU" failures="0" tests="3" name="tests.LoginTest" time="21.321" errors="0" timestamp="2025-09-13T22:44:41 IST" skipped="0">
  <testcase classname="tests.LoginTest" name="invalidLoginTest" time="11.744"/>
  <testcase classname="tests.LoginTest" name="verifyLoginTest" time="1.746"/>
  <testcase classname="tests.LoginTest" name="validLoginTest" time="7.831"/>
</testsuite> <!-- tests.LoginTest -->
