<?xml version="1.0" encoding="UTF-8"?>
<!-- Generated by org.testng.reporters.JUnitReportReporter -->
<testsuite hostname="RIKU" failures="0" tests="5" name="tests.CartTest" time="16.230" errors="0" timestamp="2025-09-14T19:49:37 IST" skipped="0">
  <testcase classname="tests.CartTest" name="cartAddTest" time="5.723"/>
  <testcase classname="tests.CartTest" name="modifyQuantity" time="1.737"/>
  <testcase classname="tests.CartTest" name="deleteFromCart" time="0.389"/>
  <testcase classname="tests.CartTest" name="buyProducts" time="8.313"/>
  <testcase classname="tests.CartTest" name="placeOrder" time="0.068"/>
</testsuite> <!-- tests.CartTest -->
