<?xml version="1.0" encoding="UTF-8"?>
<!-- Generated by org.testng.reporters.JUnitReportReporter -->
<testsuite hostname="RIKU" failures="0" tests="3" name="tests.LoginTest" time="14.178" errors="0" timestamp="2025-09-12T23:00:04 IST" skipped="0">
  <testcase classname="tests.LoginTest" name="invalidLoginTest" time="6.963"/>
  <testcase classname="tests.LoginTest" name="verifyLoginTest" time="4.472"/>
  <testcase classname="tests.LoginTest" name="validLoginTest" time="2.743"/>
</testsuite> <!-- tests.LoginTest -->
