<?xml version="1.0" encoding="UTF-8"?>
<!-- Generated by org.testng.reporters.JUnitReportReporter -->
<testsuite hostname="RIKU" failures="0" tests="3" name="tests.LoginTest" time="15.953" errors="0" timestamp="2025-09-13T00:24:40 IST" skipped="0">
  <testcase classname="tests.LoginTest" name="invalidLoginTest" time="8.125"/>
  <testcase classname="tests.LoginTest" name="verifyLoginTest" time="3.784"/>
  <testcase classname="tests.LoginTest" name="validLoginTest" time="4.044"/>
</testsuite> <!-- tests.LoginTest -->
