<?xml version="1.0" encoding="UTF-8"?>
<!-- Generated by org.testng.reporters.JUnitReportReporter -->
<testsuite hostname="RIKU" failures="0" tests="5" name="tests.SearchTest" time="19.924" errors="0" timestamp="2025-09-14T19:27:15 IST" skipped="0">
  <testcase classname="tests.SearchTest" name="testSearchProduct" time="2.704"/>
  <testcase classname="tests.SearchTest" name="testApplyFilters" time="5.960"/>
  <testcase classname="tests.SearchTest" name="testSortLowToHigh" time="2.423"/>
  <testcase classname="tests.SearchTest" name="testBlankSearch" time="2.206"/>
  <testcase classname="tests.SearchTest" name="testViewProductDetails" time="6.631"/>
</testsuite> <!-- tests.SearchTest -->
