<?xml version="1.0" encoding="UTF-8"?>
<!-- Generated by org.testng.reporters.JUnitReportReporter -->
<testsuite hostname="RIKU" failures="0" tests="5" name="tests.CartTest" time="11.876" errors="0" timestamp="2025-09-14T19:27:15 IST" skipped="0">
  <testcase classname="tests.CartTest" name="cartAddTest" time="4.254"/>
  <testcase classname="tests.CartTest" name="modifyQuantity" time="0.444"/>
  <testcase classname="tests.CartTest" name="deleteFromCart" time="0.263"/>
  <testcase classname="tests.CartTest" name="buyProducts" time="6.153"/>
  <testcase classname="tests.CartTest" name="placeOrder" time="0.762"/>
</testsuite> <!-- tests.CartTest -->
