<?xml version="1.0" encoding="UTF-8"?>
<!-- Generated by org.testng.reporters.JUnitReportReporter -->
<testsuite hostname="RIKU" failures="0" tests="3" name="tests.LoginTest" time="16.668" errors="0" timestamp="2025-09-17T19:56:57 IST" skipped="0">
  <testcase classname="tests.LoginTest" name="invalidLoginTest" time="9.098"/>
  <testcase classname="tests.LoginTest" name="verifyLoginTest" time="1.440"/>
  <testcase classname="tests.LoginTest" name="validLoginTest" time="6.130"/>
</testsuite> <!-- tests.LoginTest -->
