<?xml version="1.0" encoding="UTF-8"?>
<!-- Generated by org.testng.reporters.JUnitReportReporter -->
<testsuite hostname="RIKU" failures="0" tests="3" name="tests.LoginTest" time="23.174" errors="0" timestamp="2025-09-14T10:49:29 IST" skipped="0">
  <testcase classname="tests.LoginTest" name="invalidLoginTest" time="11.139"/>
  <testcase classname="tests.LoginTest" name="verifyLoginTest" time="1.615"/>
  <testcase classname="tests.LoginTest" name="validLoginTest" time="10.420"/>
</testsuite> <!-- tests.LoginTest -->
