<?xml version="1.0" encoding="UTF-8"?>
<!-- Generated by org.testng.reporters.JUnitReportReporter -->
<testsuite hostname="RIKU" failures="0" tests="3" name="tests.LoginTest" time="15.443" errors="0" timestamp="2025-09-13T00:37:45 IST" skipped="0">
  <testcase classname="tests.LoginTest" name="invalidLoginTest" time="8.213"/>
  <testcase classname="tests.LoginTest" name="verifyLoginTest" time="3.330"/>
  <testcase classname="tests.LoginTest" name="validLoginTest" time="3.900"/>
</testsuite> <!-- tests.LoginTest -->
