<?xml version="1.0" encoding="UTF-8"?>
<!-- Generated by org.testng.reporters.JUnitReportReporter -->
<testsuite hostname="RIKU" failures="0" tests="5" name="tests.CartTest" time="11.637" errors="0" timestamp="2025-09-14T14:42:08 IST" skipped="0">
  <testcase classname="tests.CartTest" name="cartAddTest" time="4.452"/>
  <testcase classname="tests.CartTest" name="modifyQuantity" time="0.506"/>
  <testcase classname="tests.CartTest" name="deleteFromCart" time="0.222"/>
  <testcase classname="tests.CartTest" name="buyProducts" time="6.409"/>
  <testcase classname="tests.CartTest" name="placeOrder" time="0.048"/>
</testsuite> <!-- tests.CartTest -->
