<?xml version="1.0" encoding="UTF-8"?>
<!-- Generated by org.testng.reporters.JUnitReportReporter -->
<testsuite hostname="RIKU" failures="0" tests="5" name="tests.SearchTest" time="34.549" errors="0" timestamp="2025-09-12T23:00:04 IST" skipped="0">
  <testcase classname="tests.SearchTest" name="testSearchProduct" time="7.000"/>
  <testcase classname="tests.SearchTest" name="testApplyFilters" time="11.991"/>
  <testcase classname="tests.SearchTest" name="testSortLowToHigh" time="2.136"/>
  <testcase classname="tests.SearchTest" name="testBlankSearch" time="3.138"/>
  <testcase classname="tests.SearchTest" name="testViewProductDetails" time="10.284"/>
</testsuite> <!-- tests.SearchTest -->
