<?xml version="1.0" encoding="UTF-8"?>
<!-- Generated by org.testng.reporters.JUnitReportReporter -->
<testsuite hostname="RIKU" failures="0" tests="5" name="tests.SearchTest" time="26.353" errors="0" timestamp="2025-09-13T18:07:25 IST" skipped="0">
  <testcase classname="tests.SearchTest" name="testSearchProduct" time="5.424"/>
  <testcase classname="tests.SearchTest" name="testApplyFilters" time="7.811"/>
  <testcase classname="tests.SearchTest" name="testSortLowToHigh" time="1.987"/>
  <testcase classname="tests.SearchTest" name="testBlankSearch" time="3.025"/>
  <testcase classname="tests.SearchTest" name="testViewProductDetails" time="8.106"/>
</testsuite> <!-- tests.SearchTest -->
