<?xml version="1.0" encoding="UTF-8"?>
<!-- Generated by org.testng.reporters.JUnitReportReporter -->
<testsuite hostname="RIKU" failures="0" tests="5" name="tests.CartTest" time="9.513" errors="0" timestamp="2025-09-13T16:31:40 IST" skipped="0">
  <testcase classname="tests.CartTest" name="cartAddTest" time="4.192"/>
  <testcase classname="tests.CartTest" name="modifyQuantity" time="0.355"/>
  <testcase classname="tests.CartTest" name="deleteFromCart" time="0.178"/>
  <testcase classname="tests.CartTest" name="buyProducts" time="4.749"/>
  <testcase classname="tests.CartTest" name="placeOrder" time="0.039"/>
</testsuite> <!-- tests.CartTest -->
