<?xml version="1.0" encoding="UTF-8"?>
<!-- Generated by org.testng.reporters.JUnitReportReporter -->
<testsuite hostname="RIKU" failures="0" tests="5" name="tests.CartTest" time="13.910" errors="0" timestamp="2025-09-13T00:24:40 IST" skipped="0">
  <testcase classname="tests.CartTest" name="cartAddTest" time="5.292"/>
  <testcase classname="tests.CartTest" name="modifyQuantity" time="0.634"/>
  <testcase classname="tests.CartTest" name="deleteFromCart" time="0.425"/>
  <testcase classname="tests.CartTest" name="buyProducts" time="7.470"/>
  <testcase classname="tests.CartTest" name="placeOrder" time="0.089"/>
</testsuite> <!-- tests.CartTest -->
