<?xml version="1.0" encoding="UTF-8"?>
<!-- Generated by org.testng.reporters.JUnitReportReporter -->
<testsuite hostname="RIKU" failures="0" tests="3" name="tests.LoginTest" time="18.899" errors="0" timestamp="2025-09-14T13:19:16 IST" skipped="0">
  <testcase classname="tests.LoginTest" name="invalidLoginTest" time="10.294"/>
  <testcase classname="tests.LoginTest" name="verifyLoginTest" time="1.880"/>
  <testcase classname="tests.LoginTest" name="validLoginTest" time="6.725"/>
</testsuite> <!-- tests.LoginTest -->
