<?xml version="1.0" encoding="UTF-8"?>
<!-- Generated by org.testng.reporters.JUnitReportReporter -->
<testsuite hostname="RIKU" failures="0" tests="5" name="tests.CartTest" time="17.421" errors="0" timestamp="2025-09-14T20:11:19 IST" skipped="0">
  <testcase classname="tests.CartTest" name="cartAddTest" time="8.196"/>
  <testcase classname="tests.CartTest" name="modifyQuantity" time="0.444"/>
  <testcase classname="tests.CartTest" name="deleteFromCart" time="0.298"/>
  <testcase classname="tests.CartTest" name="buyProducts" time="8.223"/>
  <testcase classname="tests.CartTest" name="placeOrder" time="0.260"/>
</testsuite> <!-- tests.CartTest -->
