<?xml version="1.0" encoding="UTF-8"?>
<!-- Generated by org.testng.reporters.JUnitReportReporter -->
<testsuite hostname="RIKU" failures="0" tests="5" name="tests.SearchTest" time="33.768" errors="0" timestamp="2025-09-13T00:37:45 IST" skipped="0">
  <testcase classname="tests.SearchTest" name="testSearchProduct" time="7.861"/>
  <testcase classname="tests.SearchTest" name="testApplyFilters" time="8.800"/>
  <testcase classname="tests.SearchTest" name="testSortLowToHigh" time="2.736"/>
  <testcase classname="tests.SearchTest" name="testBlankSearch" time="3.543"/>
  <testcase classname="tests.SearchTest" name="testViewProductDetails" time="10.828"/>
</testsuite> <!-- tests.SearchTest -->
