<?xml version="1.0" encoding="UTF-8"?>
<!-- Generated by org.testng.reporters.JUnitReportReporter -->
<testsuite hostname="RIKU" failures="0" tests="3" name="tests.LoginTest" time="14.435" errors="0" timestamp="2025-09-13T18:07:25 IST" skipped="0">
  <testcase classname="tests.LoginTest" name="invalidLoginTest" time="7.197"/>
  <testcase classname="tests.LoginTest" name="verifyLoginTest" time="4.042"/>
  <testcase classname="tests.LoginTest" name="validLoginTest" time="3.196"/>
</testsuite> <!-- tests.LoginTest -->
