<?xml version="1.0" encoding="UTF-8"?>
<!-- Generated by org.testng.reporters.JUnitReportReporter -->
<testsuite hostname="RIKU" failures="0" tests="5" name="tests.SearchTest" time="47.658" errors="0" timestamp="2025-09-14T10:49:29 IST" skipped="0">
  <testcase classname="tests.SearchTest" name="testSearchProduct" time="7.207"/>
  <testcase classname="tests.SearchTest" name="testApplyFilters" time="14.673"/>
  <testcase classname="tests.SearchTest" name="testSortLowToHigh" time="4.202"/>
  <testcase classname="tests.SearchTest" name="testBlankSearch" time="5.333"/>
  <testcase classname="tests.SearchTest" name="testViewProductDetails" time="16.243"/>
</testsuite> <!-- tests.SearchTest -->
