<?xml version="1.0" encoding="UTF-8"?>
<!-- Generated by org.testng.reporters.JUnitReportReporter -->
<testsuite hostname="RIKU" failures="0" tests="3" name="tests.LoginTest" time="17.087" errors="0" timestamp="2025-09-14T14:42:08 IST" skipped="0">
  <testcase classname="tests.LoginTest" name="invalidLoginTest" time="9.595"/>
  <testcase classname="tests.LoginTest" name="verifyLoginTest" time="1.461"/>
  <testcase classname="tests.LoginTest" name="validLoginTest" time="6.031"/>
</testsuite> <!-- tests.LoginTest -->
