<?xml version="1.0" encoding="UTF-8"?>
<!-- Generated by org.testng.reporters.JUnitReportReporter -->
<testsuite hostname="RIKU" failures="0" tests="3" name="tests.LoginTest" time="21.524" errors="0" timestamp="2025-09-14T19:49:37 IST" skipped="0">
  <testcase classname="tests.LoginTest" name="invalidLoginTest" time="11.938"/>
  <testcase classname="tests.LoginTest" name="verifyLoginTest" time="1.900"/>
  <testcase classname="tests.LoginTest" name="validLoginTest" time="7.686"/>
</testsuite> <!-- tests.LoginTest -->
