<?xml version="1.0" encoding="UTF-8"?>
<!-- Generated by org.testng.reporters.JUnitReportReporter -->
<testsuite hostname="RIKU" failures="0" tests="5" name="tests.SearchTest" time="24.757" errors="0" timestamp="2025-09-14T18:50:13 IST" skipped="0">
  <testcase classname="tests.SearchTest" name="testSearchProduct" time="4.487"/>
  <testcase classname="tests.SearchTest" name="testApplyFilters" time="6.039"/>
  <testcase classname="tests.SearchTest" name="testSortLowToHigh" time="2.677"/>
  <testcase classname="tests.SearchTest" name="testBlankSearch" time="2.545"/>
  <testcase classname="tests.SearchTest" name="testViewProductDetails" time="9.009"/>
</testsuite> <!-- tests.SearchTest -->
