<?xml version="1.0" encoding="UTF-8"?>
<!-- Generated by org.testng.reporters.JUnitReportReporter -->
<testsuite hostname="RIKU" failures="0" tests="5" name="tests.SearchTest" time="22.485" errors="0" timestamp="2025-09-14T14:10:30 IST" skipped="0">
  <testcase classname="tests.SearchTest" name="testSearchProduct" time="3.421"/>
  <testcase classname="tests.SearchTest" name="testApplyFilters" time="5.713"/>
  <testcase classname="tests.SearchTest" name="testSortLowToHigh" time="1.698"/>
  <testcase classname="tests.SearchTest" name="testBlankSearch" time="3.035"/>
  <testcase classname="tests.SearchTest" name="testViewProductDetails" time="8.618"/>
</testsuite> <!-- tests.SearchTest -->
