<?xml version="1.0" encoding="UTF-8"?>
<!-- Generated by org.testng.reporters.JUnitReportReporter -->
<testsuite hostname="RIKU" failures="0" tests="5" name="tests.SearchTest" time="26.442" errors="0" timestamp="2025-09-14T13:19:16 IST" skipped="0">
  <testcase classname="tests.SearchTest" name="testSearchProduct" time="4.280"/>
  <testcase classname="tests.SearchTest" name="testApplyFilters" time="8.125"/>
  <testcase classname="tests.SearchTest" name="testSortLowToHigh" time="1.900"/>
  <testcase classname="tests.SearchTest" name="testBlankSearch" time="2.943"/>
  <testcase classname="tests.SearchTest" name="testViewProductDetails" time="9.194"/>
</testsuite> <!-- tests.SearchTest -->
