<?xml version="1.0" encoding="UTF-8"?>
<!-- Generated by org.testng.reporters.JUnitReportReporter -->
<testsuite hostname="RIKU" failures="0" tests="3" name="tests.LoginTest" time="31.477" errors="0" timestamp="2025-09-19T11:28:57 IST" skipped="0">
  <testcase classname="tests.LoginTest" name="invalidLoginTest" time="16.238"/>
  <testcase classname="tests.LoginTest" name="verifyLoginTest" time="2.996"/>
  <testcase classname="tests.LoginTest" name="validLoginTest" time="12.243"/>
</testsuite> <!-- tests.LoginTest -->
