<?xml version="1.0" encoding="UTF-8"?>
<!-- Generated by org.testng.reporters.JUnitReportReporter -->
<testsuite hostname="RIKU" failures="0" tests="5" name="tests.SearchTest" time="0.000" errors="0" timestamp="2025-09-12T17:37:43 IST" skipped="5">
  <testcase classname="tests.SearchTest" name="testSearchProduct" time="0.000">
    <skipped/>
  </testcase> <!-- testSearchProduct -->
  <testcase classname="tests.SearchTest" name="testApplyFilters" time="0.000">
    <skipped/>
  </testcase> <!-- testApplyFilters -->
  <testcase classname="tests.SearchTest" name="testSortLowToHigh" time="0.000">
    <skipped/>
  </testcase> <!-- testSortLowToHigh -->
  <testcase classname="tests.SearchTest" name="testBlankSearch" time="0.000">
    <skipped/>
  </testcase> <!-- testBlankSearch -->
  <testcase classname="tests.SearchTest" name="testViewProductDetails" time="0.000">
    <skipped/>
  </testcase> <!-- testViewProductDetails -->
</testsuite> <!-- tests.SearchTest -->
