<?xml version="1.0" encoding="UTF-8"?>
<!-- Generated by org.testng.reporters.JUnitReportReporter -->
<testsuite hostname="RIKU" failures="0" tests="5" name="tests.SearchTest" time="34.916" errors="0" timestamp="2025-09-13T00:24:40 IST" skipped="0">
  <testcase classname="tests.SearchTest" name="testSearchProduct" time="7.691"/>
  <testcase classname="tests.SearchTest" name="testApplyFilters" time="9.965"/>
  <testcase classname="tests.SearchTest" name="testSortLowToHigh" time="3.351"/>
  <testcase classname="tests.SearchTest" name="testBlankSearch" time="3.395"/>
  <testcase classname="tests.SearchTest" name="testViewProductDetails" time="10.514"/>
</testsuite> <!-- tests.SearchTest -->
