<?xml version="1.0" encoding="UTF-8"?>
<!-- Generated by org.testng.reporters.JUnitReportReporter -->
<testsuite hostname="RIKU" failures="0" tests="5" name="tests.SearchTest" time="19.240" errors="0" timestamp="2025-09-14T20:11:19 IST" skipped="0">
  <testcase classname="tests.SearchTest" name="testSearchProduct" time="2.696"/>
  <testcase classname="tests.SearchTest" name="testApplyFilters" time="6.105"/>
  <testcase classname="tests.SearchTest" name="testSortLowToHigh" time="1.856"/>
  <testcase classname="tests.SearchTest" name="testBlankSearch" time="2.480"/>
  <testcase classname="tests.SearchTest" name="testViewProductDetails" time="6.103"/>
</testsuite> <!-- tests.SearchTest -->
