<?xml version="1.0" encoding="UTF-8"?>
<!-- Generated by org.testng.reporters.JUnitReportReporter -->
<testsuite hostname="RIKU" failures="0" tests="5" name="tests.SearchTest" time="25.009" errors="0" timestamp="2025-09-14T20:07:07 IST" skipped="0">
  <testcase classname="tests.SearchTest" name="testSearchProduct" time="4.463"/>
  <testcase classname="tests.SearchTest" name="testApplyFilters" time="5.558"/>
  <testcase classname="tests.SearchTest" name="testSortLowToHigh" time="2.274"/>
  <testcase classname="tests.SearchTest" name="testBlankSearch" time="3.092"/>
  <testcase classname="tests.SearchTest" name="testViewProductDetails" time="9.622"/>
</testsuite> <!-- tests.SearchTest -->
