<?xml version="1.0" encoding="UTF-8"?>
<!-- Generated by org.testng.reporters.JUnitReportReporter -->
<testsuite hostname="RIKU" failures="0" tests="5" name="tests.SearchTest" time="20.754" errors="0" timestamp="2025-09-17T19:56:57 IST" skipped="0">
  <testcase classname="tests.SearchTest" name="testSearchProduct" time="3.626"/>
  <testcase classname="tests.SearchTest" name="testApplyFilters" time="5.104"/>
  <testcase classname="tests.SearchTest" name="testSortLowToHigh" time="2.100"/>
  <testcase classname="tests.SearchTest" name="testBlankSearch" time="2.456"/>
  <testcase classname="tests.SearchTest" name="testViewProductDetails" time="7.468"/>
</testsuite> <!-- tests.SearchTest -->
