<?xml version="1.0" encoding="UTF-8"?>
<!-- Generated by org.testng.reporters.JUnitReportReporter -->
<testsuite hostname="RIKU" failures="0" tests="3" name="tests.LoginTest" time="22.972" errors="0" timestamp="2025-09-14T20:11:19 IST" skipped="0">
  <testcase classname="tests.LoginTest" name="invalidLoginTest" time="14.402"/>
  <testcase classname="tests.LoginTest" name="verifyLoginTest" time="1.907"/>
  <testcase classname="tests.LoginTest" name="validLoginTest" time="6.663"/>
</testsuite> <!-- tests.LoginTest -->
