<?xml version="1.0" encoding="UTF-8"?>
<!-- Generated by org.testng.reporters.JUnitReportReporter -->
<testsuite hostname="RIKU" failures="0" tests="3" name="tests.LoginTest" time="15.429" errors="0" timestamp="2025-09-12T10:43:02 IST" skipped="0">
  <testcase classname="tests.LoginTest" name="invalidLoginTest" time="8.408"/>
  <testcase classname="tests.LoginTest" name="verifyLoginTest" time="3.568"/>
  <testcase classname="tests.LoginTest" name="validLoginTest" time="3.453"/>
</testsuite> <!-- tests.LoginTest -->
