<?xml version="1.0" encoding="UTF-8"?>
<!-- Generated by org.testng.reporters.JUnitReportReporter -->
<testsuite hostname="RIKU" failures="0" tests="5" name="tests.SearchTest" time="29.049" errors="0" timestamp="2025-09-01T09:24:37 IST" skipped="0">
  <testcase classname="tests.SearchTest" name="testSearchProduct" time="9.787"/>
  <testcase classname="tests.SearchTest" name="testApplyFilters" time="9.140"/>
  <testcase classname="tests.SearchTest" name="testSortLowToHigh" time="1.526"/>
  <testcase classname="tests.SearchTest" name="testBlankSearch" time="2.294"/>
  <testcase classname="tests.SearchTest" name="testViewProductDetails" time="6.302"/>
</testsuite> <!-- tests.SearchTest -->
