<?xml version="1.0" encoding="UTF-8"?>
<!-- Generated by org.testng.reporters.JUnitReportReporter -->
<testsuite hostname="RIKU" failures="0" tests="5" name="tests.SearchTest" time="26.165" errors="0" timestamp="2025-09-01T11:08:13 IST" skipped="0">
  <testcase classname="tests.SearchTest" name="testSearchProduct" time="5.873"/>
  <testcase classname="tests.SearchTest" name="testApplyFilters" time="9.546"/>
  <testcase classname="tests.SearchTest" name="testSortLowToHigh" time="1.928"/>
  <testcase classname="tests.SearchTest" name="testBlankSearch" time="2.288"/>
  <testcase classname="tests.SearchTest" name="testViewProductDetails" time="6.530"/>
</testsuite> <!-- tests.SearchTest -->
