<?xml version="1.0" encoding="UTF-8"?>
<!-- Generated by org.testng.reporters.JUnitReportReporter -->
<testsuite hostname="RIKU" failures="0" tests="3" name="tests.LoginTest" time="8.926" errors="0" timestamp="2025-09-01T09:24:37 IST" skipped="0">
  <testcase classname="tests.LoginTest" name="invalidLoginTest" time="3.730"/>
  <testcase classname="tests.LoginTest" name="verifyLoginTest" time="2.901"/>
  <testcase classname="tests.LoginTest" name="validLoginTest" time="2.295"/>
</testsuite> <!-- tests.LoginTest -->
