<?xml version="1.0" encoding="UTF-8"?>
<!-- Generated by org.testng.reporters.JUnitReportReporter -->
<testsuite hostname="RIKU" failures="0" tests="5" name="tests.CartTest" time="15.201" errors="0" timestamp="2025-09-01T09:24:37 IST" skipped="0">
  <testcase classname="tests.CartTest" name="cartAddTest" time="4.303"/>
  <testcase classname="tests.CartTest" name="modifyQuantity" time="4.875"/>
  <testcase classname="tests.CartTest" name="deleteFromCart" time="1.215"/>
  <testcase classname="tests.CartTest" name="buyProducts" time="4.775"/>
  <testcase classname="tests.CartTest" name="placeOrder" time="0.033"/>
</testsuite> <!-- tests.CartTest -->
